-------------------------------------------------------------------------------
Test set: acceptance.test.GeneralRunner
-------------------------------------------------------------------------------
Tests run: 1, Failures: 1, Errors: 0, Skipped: 0, Time elapsed: 22.001 s <<< FAILURE! - in acceptance.test.GeneralRunner
testParallel  Time elapsed: 21.988 s  <<< FAILURE!
org.opentest4j.AssertionFailedError: 
js failed:
>>>>
01: Java.type('co.cobre.lib.qa.aws.S3Util')
<<<<
org.graalvm.polyglot.PolyglotException: TypeError: Access to host class co.cobre.lib.qa.aws.S3Util is not allowed or does not exist.
- <js>.:program(Unnamed:1)

classpath:acceptance/test/prueba-tecnica.feature:24
js failed:
>>>>
01: Java.type('co.cobre.lib.qa.aws.S3Util')
<<<<
org.graalvm.polyglot.PolyglotException: TypeError: Access to host class co.cobre.lib.qa.aws.S3Util is not allowed or does not exist.
- <js>.:program(Unnamed:1)

classpath:acceptance/test/prueba-tecnica.feature:24
js failed:
>>>>
01: Java.type('co.cobre.lib.qa.aws.S3Util')
<<<<
org.graalvm.polyglot.PolyglotException: TypeError: Access to host class co.cobre.lib.qa.aws.S3Util is not allowed or does not exist.
- <js>.:program(Unnamed:1)

classpath:acceptance/test/prueba-tecnica.feature:24
js failed:
>>>>
01: Java.type('co.cobre.lib.qa.aws.S3Util')
<<<<
org.graalvm.polyglot.PolyglotException: TypeError: Access to host class co.cobre.lib.qa.aws.S3Util is not allowed or does not exist.
- <js>.:program(Unnamed:1)

classpath:acceptance/test/prueba-tecnica.feature:24 ==> expected: <0> but was: <4>
	at acceptance.test.GeneralRunner.testParallel(GeneralRunner.java:26)

