<?xml version="1.0" encoding="UTF-8"?>
<testsuite xmlns:xsi="http://www.w3.org/2001/XMLSchema-instance" xsi:noNamespaceSchemaLocation="https://maven.apache.org/surefire/maven-surefire-plugin/xsd/surefire-test-report.xsd" name="acceptance.test.GeneralRunner" time="22.001" tests="1" errors="0" skipped="0" failures="1">
  <properties>
[...]
</properties>
  <testcase name="testParallel" classname="acceptance.test.GeneralRunner" time="21.988">
    <failure message="js failed:&#10;&gt;&gt;&gt;&gt;&#10;01: Java.type(&apos;co.cobre.lib.qa.aws.S3Util&apos;)&#10;&lt;&lt;&lt;&lt;&#10;org.graalvm.polyglot.PolyglotException: TypeError: Access to host class co.cobre.lib.qa.aws.S3Util is not allowed or does not exist.&#10;- &lt;js&gt;.:program(Unnamed:1)&#10;&#10;classpath:acceptance/test/prueba-tecnica.feature:24&#10;js failed:&#10;&gt;&gt;&gt;&gt;&#10;01: Java.type(&apos;co.cobre.lib.qa.aws.S3Util&apos;)&#10;&lt;&lt;&lt;&lt;&#10;org.graalvm.polyglot.PolyglotException: TypeError: Access to host class co.cobre.lib.qa.aws.S3Util is not allowed or does not exist.&#10;- &lt;js&gt;.:program(Unnamed:1)&#10;&#10;classpath:acceptance/test/prueba-tecnica.feature:24&#10;js failed:&#10;&gt;&gt;&gt;&gt;&#10;01: Java.type(&apos;co.cobre.lib.qa.aws.S3Util&apos;)&#10;&lt;&lt;&lt;&lt;&#10;org.graalvm.polyglot.PolyglotException: TypeError: Access to host class co.cobre.lib.qa.aws.S3Util is not allowed or does not exist.&#10;- &lt;js&gt;.:program(Unnamed:1)&#10;&#10;classpath:acceptance/test/prueba-tecnica.feature:24&#10;js failed:&#10;&gt;&gt;&gt;&gt;&#10;01: Java.type(&apos;co.cobre.lib.qa.aws.S3Util&apos;)&#10;&lt;&lt;&lt;&lt;&#10;org.graalvm.polyglot.PolyglotException: TypeError: Access to host class co.cobre.lib.qa.aws.S3Util is not allowed or does not exist.&#10;- &lt;js&gt;.:program(Unnamed:1)&#10;&#10;classpath:acceptance/test/prueba-tecnica.feature:24 ==&gt; expected: &lt;0&gt; but was: &lt;4&gt;" type="org.opentest4j.AssertionFailedError"><![CDATA[org.opentest4j.AssertionFailedError: 
js failed:
>>>>
01: Java.type('co.cobre.lib.qa.aws.S3Util')
<<<<
org.graalvm.polyglot.PolyglotException: TypeError: Access to host class co.cobre.lib.qa.aws.S3Util is not allowed or does not exist.
- <js>.:program(Unnamed:1)

classpath:acceptance/test/prueba-tecnica.feature:24
js failed:
>>>>
01: Java.type('co.cobre.lib.qa.aws.S3Util')
<<<<
org.graalvm.polyglot.PolyglotException: TypeError: Access to host class co.cobre.lib.qa.aws.S3Util is not allowed or does not exist.
- <js>.:program(Unnamed:1)

classpath:acceptance/test/prueba-tecnica.feature:24
js failed:
>>>>
01: Java.type('co.cobre.lib.qa.aws.S3Util')
<<<<
org.graalvm.polyglot.PolyglotException: TypeError: Access to host class co.cobre.lib.qa.aws.S3Util is not allowed or does not exist.
- <js>.:program(Unnamed:1)

classpath:acceptance/test/prueba-tecnica.feature:24
js failed:
>>>>
01: Java.type('co.cobre.lib.qa.aws.S3Util')
<<<<
org.graalvm.polyglot.PolyglotException: TypeError: Access to host class co.cobre.lib.qa.aws.S3Util is not allowed or does not exist.
- <js>.:program(Unnamed:1)

classpath:acceptance/test/prueba-tecnica.feature:24 ==> expected: <0> but was: <4>
	at acceptance.test.GeneralRunner.testParallel(GeneralRunner.java:26)
]]></failure>
    <system-out><![CDATA[18:16:45.853 [main] DEBUG com.intuit.karate.Suite - [config] classpath:karate-config.js
18:16:49.865 [main] INFO  com.intuit.karate - Cargando configuraciones null 
Recaudo: 558432 - RICARDO TORRES -  - 2024-04-20
18:16:50.605 [main] INFO  com.intuit.karate - [print] [
  "RecaudoTemplate{tipoDocumento='CE', numeroDocumento='89308166', nombrePagador='', celular='+573504241615', email='correoprueba@gmail.com', referenciaUna='Ref8', referenciaDos='Ref27', descripcion='Pago deuda', monto='1157321', fechaVencimiento='2023-09-20', url='https://www.google.com'}",
  "RecaudoTemplate{tipoDocumento='CC', numeroDocumento='558432', nombrePagador='RICARDO TORRES', celular='', email='rtorres@gmail.com', referenciaUna='Ref9', referenciaDos='Ref28', descripcion='', monto='75000', fechaVencimiento='2024-04-20', url='https://www.google.com'}"
]
 
18:16:50.636 [main] DEBUG c.intuit.karate.core.ScenarioEngine - over-writing existing variable 'searchNumeroDocumento' with new value: '952456029'
18:16:50.645 [main] DEBUG c.intuit.karate.core.ScenarioEngine - over-writing existing variable 'newValueFechaVencimiento' with new value: '2024-04-20'
18:16:50.650 [main] DEBUG c.intuit.karate.core.ScenarioEngine - over-writing existing variable 'record' with new value: readerCSV.cargarDatosRecaudos(filePathDatosCorrectos, searchNumeroDocumento, newValueFechaVencimiento)
Recaudo: 952456029 - Natalia Perez - +573790765120 - 2024-04-20
18:16:50.684 [main] INFO  com.intuit.karate - [print] [
  "RecaudoTemplate{tipoDocumento='CC', numeroDocumento='82954306', nombrePagador='Oscar Gomez', celular='+573001679059', email='ogomez@gmail.com', referenciaUna='Ref1', referenciaDos='', descripcion='', monto='2000', fechaVencimiento='2023-09-15', url='https://www.google.com'}",
  "RecaudoTemplate{tipoDocumento='CE', numeroDocumento='461346', nombrePagador='Claudia López', celular='+573431092832', email='clopez@gmail.com', referenciaUna='Ref2', referenciaDos='', descripcion='', monto='1000000', fechaVencimiento='2023-09-15', url='https://www.google.com'}",
  "RecaudoTemplate{tipoDocumento='NIT', numeroDocumento='952456029', nombrePagador='Natalia Perez', celular='+573790765120', email='nlopez@gmail.com', referenciaUna='Ref3', referenciaDos='', descripcion='', monto='2999', fechaVencimiento='2024-04-20', url='https://www.google.com'}"
]
 
18:16:50.807 [main] ERROR com.intuit.karate - classpath:acceptance/test/prueba-tecnica.feature:24
* def S3Manager = Java.type('co.cobre.lib.qa.aws.S3Util')
js failed:
>>>>
01: Java.type('co.cobre.lib.qa.aws.S3Util')
<<<<
org.graalvm.polyglot.PolyglotException: TypeError: Access to host class co.cobre.lib.qa.aws.S3Util is not allowed or does not exist.
- <js>.:program(Unnamed:1)

classpath:acceptance/test/prueba-tecnica.feature:24
18:16:50.982 [main] INFO  com.intuit.karate - Cargando configuraciones null 
Recaudo: 558432 - RICARDO TORRES -  - 2024-04-20
18:16:51.096 [main] INFO  com.intuit.karate - [print] [
  "RecaudoTemplate{tipoDocumento='CE', numeroDocumento='89308166', nombrePagador='', celular='+573504241615', email='correoprueba@gmail.com', referenciaUna='Ref8', referenciaDos='Ref27', descripcion='Pago deuda', monto='1157321', fechaVencimiento='2023-09-20', url='https://www.google.com'}",
  "RecaudoTemplate{tipoDocumento='CC', numeroDocumento='558432', nombrePagador='RICARDO TORRES', celular='', email='rtorres@gmail.com', referenciaUna='Ref9', referenciaDos='Ref28', descripcion='', monto='75000', fechaVencimiento='2024-04-20', url='https://www.google.com'}"
]
 
18:16:51.112 [main] DEBUG c.intuit.karate.core.ScenarioEngine - over-writing existing variable 'searchNumeroDocumento' with new value: '952456029'
18:16:51.112 [main] DEBUG c.intuit.karate.core.ScenarioEngine - over-writing existing variable 'newValueFechaVencimiento' with new value: '2024-04-20'
18:16:51.112 [main] DEBUG c.intuit.karate.core.ScenarioEngine - over-writing existing variable 'record' with new value: readerCSV.cargarDatosRecaudos(filePathDatosCorrectos, searchNumeroDocumento, newValueFechaVencimiento)
Recaudo: 952456029 - Natalia Perez - +573790765120 - 2024-04-20
18:16:51.148 [main] INFO  com.intuit.karate - [print] [
  "RecaudoTemplate{tipoDocumento='CC', numeroDocumento='82954306', nombrePagador='Oscar Gomez', celular='+573001679059', email='ogomez@gmail.com', referenciaUna='Ref1', referenciaDos='', descripcion='', monto='2000', fechaVencimiento='2023-09-15', url='https://www.google.com'}",
  "RecaudoTemplate{tipoDocumento='CE', numeroDocumento='461346', nombrePagador='Claudia López', celular='+573431092832', email='clopez@gmail.com', referenciaUna='Ref2', referenciaDos='', descripcion='', monto='1000000', fechaVencimiento='2023-09-15', url='https://www.google.com'}",
  "RecaudoTemplate{tipoDocumento='NIT', numeroDocumento='952456029', nombrePagador='Natalia Perez', celular='+573790765120', email='nlopez@gmail.com', referenciaUna='Ref3', referenciaDos='', descripcion='', monto='2999', fechaVencimiento='2024-04-20', url='https://www.google.com'}"
]
 
18:16:51.180 [main] ERROR com.intuit.karate - classpath:acceptance/test/prueba-tecnica.feature:24
* def S3Manager = Java.type('co.cobre.lib.qa.aws.S3Util')
js failed:
>>>>
01: Java.type('co.cobre.lib.qa.aws.S3Util')
<<<<
org.graalvm.polyglot.PolyglotException: TypeError: Access to host class co.cobre.lib.qa.aws.S3Util is not allowed or does not exist.
- <js>.:program(Unnamed:1)

classpath:acceptance/test/prueba-tecnica.feature:24
18:16:51.227 [main] INFO  com.intuit.karate - Cargando configuraciones null 
Recaudo: 558432 - RICARDO TORRES -  - 2024-04-20
18:16:51.259 [main] INFO  com.intuit.karate - [print] [
  "RecaudoTemplate{tipoDocumento='CE', numeroDocumento='89308166', nombrePagador='', celular='+573504241615', email='correoprueba@gmail.com', referenciaUna='Ref8', referenciaDos='Ref27', descripcion='Pago deuda', monto='1157321', fechaVencimiento='2023-09-20', url='https://www.google.com'}",
  "RecaudoTemplate{tipoDocumento='CC', numeroDocumento='558432', nombrePagador='RICARDO TORRES', celular='', email='rtorres@gmail.com', referenciaUna='Ref9', referenciaDos='Ref28', descripcion='', monto='75000', fechaVencimiento='2024-04-20', url='https://www.google.com'}"
]
 
18:16:51.274 [main] DEBUG c.intuit.karate.core.ScenarioEngine - over-writing existing variable 'searchNumeroDocumento' with new value: '952456029'
18:16:51.274 [main] DEBUG c.intuit.karate.core.ScenarioEngine - over-writing existing variable 'newValueFechaVencimiento' with new value: '2024-04-20'
18:16:51.274 [main] DEBUG c.intuit.karate.core.ScenarioEngine - over-writing existing variable 'record' with new value: readerCSV.cargarDatosRecaudos(filePathDatosCorrectos, searchNumeroDocumento, newValueFechaVencimiento)
Recaudo: 952456029 - Natalia Perez - +573790765120 - 2024-04-20
18:16:51.306 [main] INFO  com.intuit.karate - [print] [
  "RecaudoTemplate{tipoDocumento='CC', numeroDocumento='82954306', nombrePagador='Oscar Gomez', celular='+573001679059', email='ogomez@gmail.com', referenciaUna='Ref1', referenciaDos='', descripcion='', monto='2000', fechaVencimiento='2023-09-15', url='https://www.google.com'}",
  "RecaudoTemplate{tipoDocumento='CE', numeroDocumento='461346', nombrePagador='Claudia López', celular='+573431092832', email='clopez@gmail.com', referenciaUna='Ref2', referenciaDos='', descripcion='', monto='1000000', fechaVencimiento='2023-09-15', url='https://www.google.com'}",
  "RecaudoTemplate{tipoDocumento='NIT', numeroDocumento='952456029', nombrePagador='Natalia Perez', celular='+573790765120', email='nlopez@gmail.com', referenciaUna='Ref3', referenciaDos='', descripcion='', monto='2999', fechaVencimiento='2024-04-20', url='https://www.google.com'}"
]
 
18:16:51.322 [main] ERROR com.intuit.karate - classpath:acceptance/test/prueba-tecnica.feature:24
* def S3Manager = Java.type('co.cobre.lib.qa.aws.S3Util')
js failed:
>>>>
01: Java.type('co.cobre.lib.qa.aws.S3Util')
<<<<
org.graalvm.polyglot.PolyglotException: TypeError: Access to host class co.cobre.lib.qa.aws.S3Util is not allowed or does not exist.
- <js>.:program(Unnamed:1)

classpath:acceptance/test/prueba-tecnica.feature:24
18:16:51.400 [main] INFO  com.intuit.karate - Cargando configuraciones null 
Recaudo: 558432 - RICARDO TORRES -  - 2024-04-20
18:16:51.447 [main] INFO  com.intuit.karate - [print] [
  "RecaudoTemplate{tipoDocumento='CE', numeroDocumento='89308166', nombrePagador='', celular='+573504241615', email='correoprueba@gmail.com', referenciaUna='Ref8', referenciaDos='Ref27', descripcion='Pago deuda', monto='1157321', fechaVencimiento='2023-09-20', url='https://www.google.com'}",
  "RecaudoTemplate{tipoDocumento='CC', numeroDocumento='558432', nombrePagador='RICARDO TORRES', celular='', email='rtorres@gmail.com', referenciaUna='Ref9', referenciaDos='Ref28', descripcion='', monto='75000', fechaVencimiento='2024-04-20', url='https://www.google.com'}"
]
 
18:16:51.463 [main] DEBUG c.intuit.karate.core.ScenarioEngine - over-writing existing variable 'searchNumeroDocumento' with new value: '952456029'
18:16:51.463 [main] DEBUG c.intuit.karate.core.ScenarioEngine - over-writing existing variable 'newValueFechaVencimiento' with new value: '2024-04-20'
18:16:51.463 [main] DEBUG c.intuit.karate.core.ScenarioEngine - over-writing existing variable 'record' with new value: readerCSV.cargarDatosRecaudos(filePathDatosCorrectos, searchNumeroDocumento, newValueFechaVencimiento)
Recaudo: 952456029 - Natalia Perez - +573790765120 - 2024-04-20
18:16:51.494 [main] INFO  com.intuit.karate - [print] [
  "RecaudoTemplate{tipoDocumento='CC', numeroDocumento='82954306', nombrePagador='Oscar Gomez', celular='+573001679059', email='ogomez@gmail.com', referenciaUna='Ref1', referenciaDos='', descripcion='', monto='2000', fechaVencimiento='2023-09-15', url='https://www.google.com'}",
  "RecaudoTemplate{tipoDocumento='CE', numeroDocumento='461346', nombrePagador='Claudia López', celular='+573431092832', email='clopez@gmail.com', referenciaUna='Ref2', referenciaDos='', descripcion='', monto='1000000', fechaVencimiento='2023-09-15', url='https://www.google.com'}",
  "RecaudoTemplate{tipoDocumento='NIT', numeroDocumento='952456029', nombrePagador='Natalia Perez', celular='+573790765120', email='nlopez@gmail.com', referenciaUna='Ref3', referenciaDos='', descripcion='', monto='2999', fechaVencimiento='2024-04-20', url='https://www.google.com'}"
]
 
18:16:51.530 [main] ERROR com.intuit.karate - classpath:acceptance/test/prueba-tecnica.feature:24
* def S3Manager = Java.type('co.cobre.lib.qa.aws.S3Util')
js failed:
>>>>
01: Java.type('co.cobre.lib.qa.aws.S3Util')
<<<<
org.graalvm.polyglot.PolyglotException: TypeError: Access to host class co.cobre.lib.qa.aws.S3Util is not allowed or does not exist.
- <js>.:program(Unnamed:1)

classpath:acceptance/test/prueba-tecnica.feature:24
---------------------------------------------------------
feature: classpath:acceptance/test/prueba-tecnica.feature
scenarios:  4 | passed:  0 | failed:  4 | time: 1,1255
---------------------------------------------------------

18:16:59.149 [main] INFO  com.intuit.karate.Suite - <<fail>> feature 1 of 1 (0 remaining) classpath:acceptance/test/prueba-tecnica.feature
Karate version: 1.3.1
======================================================
elapsed:  17,26 | threads:    1 | thread time: 1,13 
features:     1 | skipped:    0 | efficiency: 0,07
scenarios:    4 | passed:     0 | failed: 4
======================================================
>>> failed features:
js failed:
>>>>
01: Java.type('co.cobre.lib.qa.aws.S3Util')
<<<<
org.graalvm.polyglot.PolyglotException: TypeError: Access to host class co.cobre.lib.qa.aws.S3Util is not allowed or does not exist.
- <js>.:program(Unnamed:1)

classpath:acceptance/test/prueba-tecnica.feature:24
js failed:
>>>>
01: Java.type('co.cobre.lib.qa.aws.S3Util')
<<<<
org.graalvm.polyglot.PolyglotException: TypeError: Access to host class co.cobre.lib.qa.aws.S3Util is not allowed or does not exist.
- <js>.:program(Unnamed:1)

classpath:acceptance/test/prueba-tecnica.feature:24
js failed:
>>>>
01: Java.type('co.cobre.lib.qa.aws.S3Util')
<<<<
org.graalvm.polyglot.PolyglotException: TypeError: Access to host class co.cobre.lib.qa.aws.S3Util is not allowed or does not exist.
- <js>.:program(Unnamed:1)

classpath:acceptance/test/prueba-tecnica.feature:24
js failed:
>>>>
01: Java.type('co.cobre.lib.qa.aws.S3Util')
<<<<
org.graalvm.polyglot.PolyglotException: TypeError: Access to host class co.cobre.lib.qa.aws.S3Util is not allowed or does not exist.
- <js>.:program(Unnamed:1)

classpath:acceptance/test/prueba-tecnica.feature:24
<<<

HTML report: (paste into browser to view) | Karate version: 1.3.1
file:///C:/Users/ingcr/IdeaProjects/TestSofka/Borrador/PruebaTecnicaCobre/PruebaTecnica/target/karate-reports/karate-summary.html
===================================================================

]]></system-out>
    <system-err><![CDATA[jun 18, 2024 6:17:01 PM net.masterthought.cucumber.ReportParser parseJsonFiles
INFORMACIÓN: File 'C:\Users\ingcr\IdeaProjects\TestSofka\Borrador\PruebaTecnicaCobre\PruebaTecnica\target\karate-reports\acceptance.test.prueba-tecnica.json' contains 1 features
]]></system-err>
  </testcase>
</testsuite>